<?xml version="1.0" encoding="UTF-8"?>
<testsuite name="jongsul.cache.CacheApplicationTests" tests="1" skipped="0" failures="0" errors="0" timestamp="2023-04-05T06:28:21" hostname="woong-virtual-machine" time="2.465">
  <properties/>
  <testcase name="contextLoads()" classname="jongsul.cache.CacheApplicationTests" time="2.465"/>
  <system-out><![CDATA[15:27:53.795 [Test worker] DEBUG org.springframework.boot.test.context.SpringBootTestContextBootstrapper -- Neither @ContextConfiguration nor @ContextHierarchy found for test class [CacheApplicationTests]: using SpringBootContextLoader
15:27:53.858 [Test worker] DEBUG org.springframework.test.context.support.AbstractContextLoader -- Could not detect default resource locations for test class [jongsul.cache.CacheApplicationTests]: no resource found for suffixes {-context.xml, Context.groovy}.
15:27:53.904 [Test worker] INFO org.springframework.test.context.support.AnnotationConfigContextLoaderUtils -- Could not detect default configuration classes for test class [jongsul.cache.CacheApplicationTests]: CacheApplicationTests does not declare any static, non-private, non-final, nested classes annotated with @Configuration.
15:27:54.085 [Test worker] DEBUG org.springframework.boot.test.context.SpringBootTestContextBootstrapper -- Using ContextCustomizers for test class [CacheApplicationTests]: [DisableObservabilityContextCustomizer, PropertyMappingContextCustomizer, Customizer, ExcludeFilterContextCustomizer, DuplicateJsonObjectContextCustomizer, MockitoContextCustomizer, TestRestTemplateContextCustomizer]
15:27:54.625 [Test worker] DEBUG org.springframework.context.annotation.ClassPathScanningCandidateComponentProvider -- Identified candidate component class: file [/home/woong/code/jongsul/cache/build/classes/java/main/jongsul/cache/CacheApplication.class]
15:27:54.638 [Test worker] INFO org.springframework.boot.test.context.SpringBootTestContextBootstrapper -- Found @SpringBootConfiguration jongsul.cache.CacheApplication for test class jongsul.cache.CacheApplicationTests
15:27:55.479 [Test worker] DEBUG org.springframework.boot.test.context.SpringBootTestContextBootstrapper -- Using TestExecutionListeners for test class [CacheApplicationTests]: [ServletTestExecutionListener, DirtiesContextBeforeModesTestExecutionListener, ApplicationEventsTestExecutionListener, MockitoTestExecutionListener, DependencyInjectionTestExecutionListener, DirtiesContextTestExecutionListener, TransactionalTestExecutionListener, SqlScriptsTestExecutionListener, EventPublishingTestExecutionListener, RestDocsTestExecutionListener, MockRestServiceServerResetTestExecutionListener, MockMvcPrintOnlyOnFailureTestExecutionListener, WebDriverTestExecutionListener, MockWebServiceServerTestExecutionListener, ResetMocksTestExecutionListener]
15:27:55.495 [Test worker] DEBUG org.springframework.test.context.support.AbstractDirtiesContextTestExecutionListener -- Before test class: class [CacheApplicationTests], class annotated with @DirtiesContext [false] with mode [null]

  .   ____          _            __ _ _
 /\\ / ___'_ __ _ _(_)_ __  __ _ \ \ \ \
( ( )\___ | '_ | '_| | '_ \/ _` | \ \ \ \
 \\/  ___)| |_)| | | | | || (_| |  ) ) ) )
  '  |____| .__|_| |_|_| |_\__, | / / / /
 =========|_|==============|___/=/_/_/_/
 :: Spring Boot ::                (v3.0.5)

2023-04-05T15:27:58.341+09:00  INFO 6882 --- [    Test worker] jongsul.cache.CacheApplicationTests      : Starting CacheApplicationTests using Java 17.0.6 with PID 6882 (started by woong in /home/woong/code/jongsul/cache)
2023-04-05T15:27:58.359+09:00  INFO 6882 --- [    Test worker] jongsul.cache.CacheApplicationTests      : No active profile set, falling back to 1 default profile: "default"
2023-04-05T15:28:03.147+09:00  INFO 6882 --- [    Test worker] .s.d.r.c.RepositoryConfigurationDelegate : Bootstrapping Spring Data JPA repositories in DEFAULT mode.
2023-04-05T15:28:03.293+09:00  INFO 6882 --- [    Test worker] .s.d.r.c.RepositoryConfigurationDelegate : Finished Spring Data repository scanning in 74 ms. Found 0 JPA repository interfaces.
2023-04-05T15:28:06.413+09:00  INFO 6882 --- [    Test worker] o.hibernate.jpa.internal.util.LogHelper  : HHH000204: Processing PersistenceUnitInfo [name: default]
2023-04-05T15:28:06.790+09:00  INFO 6882 --- [    Test worker] org.hibernate.Version                    : HHH000412: Hibernate ORM core version 6.1.7.Final
2023-04-05T15:28:08.814+09:00  INFO 6882 --- [    Test worker] com.zaxxer.hikari.HikariDataSource       : HikariPool-1 - Starting...
2023-04-05T15:28:09.794+09:00  INFO 6882 --- [    Test worker] com.zaxxer.hikari.pool.HikariPool        : HikariPool-1 - Added connection conn0: url=jdbc:h2:~/cache user=SA
2023-04-05T15:28:09.800+09:00  INFO 6882 --- [    Test worker] com.zaxxer.hikari.HikariDataSource       : HikariPool-1 - Start completed.
2023-04-05T15:28:10.193+09:00  INFO 6882 --- [    Test worker] SQL dialect                              : HHH000400: Using dialect: org.hibernate.dialect.H2Dialect
2023-04-05T15:28:16.086+09:00 DEBUG 6882 --- [    Test worker] org.hibernate.SQL                        : 
    
    drop table if exists request_form cascade 
Hibernate: 
    
    drop table if exists request_form cascade 
2023-04-05T15:28:16.130+09:00 DEBUG 6882 --- [    Test worker] org.hibernate.SQL                        : 
    
    drop sequence if exists request_form_seq
Hibernate: 
    
    drop sequence if exists request_form_seq
2023-04-05T15:28:16.260+09:00 DEBUG 6882 --- [    Test worker] org.hibernate.SQL                        : create sequence request_form_seq start with 1 increment by 50
Hibernate: create sequence request_form_seq start with 1 increment by 50
2023-04-05T15:28:16.276+09:00 DEBUG 6882 --- [    Test worker] org.hibernate.SQL                        : 
    
    create table request_form (
       requst_form_id bigint not null,
        request varchar(255),
        response varchar(255),
        primary key (requst_form_id)
    )
Hibernate: 
    
    create table request_form (
       requst_form_id bigint not null,
        request varchar(255),
        response varchar(255),
        primary key (requst_form_id)
    )
2023-04-05T15:28:16.316+09:00  INFO 6882 --- [    Test worker] o.h.e.t.j.p.i.JtaPlatformInitiator       : HHH000490: Using JtaPlatform implementation: [org.hibernate.engine.transaction.jta.platform.internal.NoJtaPlatform]
2023-04-05T15:28:16.433+09:00  INFO 6882 --- [    Test worker] j.LocalContainerEntityManagerFactoryBean : Initialized JPA EntityManagerFactory for persistence unit 'default'
2023-04-05T15:28:17.924+09:00  WARN 6882 --- [    Test worker] JpaBaseConfiguration$JpaWebConfiguration : spring.jpa.open-in-view is enabled by default. Therefore, database queries may be performed during view rendering. Explicitly configure spring.jpa.open-in-view to disable this warning
2023-04-05T15:28:21.663+09:00  INFO 6882 --- [    Test worker] jongsul.cache.CacheApplicationTests      : Started CacheApplicationTests in 25.794 seconds (process running for 35.077)
2023-04-05T15:28:23.493+09:00 DEBUG 6882 --- [    Test worker] org.hibernate.SQL                        : 
    select
        next value for request_form_seq
Hibernate: 
    select
        next value for request_form_seq
2023-04-05T15:28:23.676+09:00 DEBUG 6882 --- [    Test worker] org.hibernate.SQL                        : 
    insert 
    into
        request_form
        (request, response, requst_form_id) 
    values
        (?, ?, ?)
Hibernate: 
    insert 
    into
        request_form
        (request, response, requst_form_id) 
    values
        (?, ?, ?)
2023-04-05T15:28:23.849+09:00 DEBUG 6882 --- [    Test worker] org.hibernate.SQL                        : 
    select
        r1_0.requst_form_id,
        r1_0.request,
        r1_0.response 
    from
        request_form r1_0 
    where
        r1_0.requst_form_id=?
Hibernate: 
    select
        r1_0.requst_form_id,
        r1_0.request,
        r1_0.response 
    from
        request_form r1_0 
    where
        r1_0.requst_form_id=?
]]></system-out>
  <system-err><![CDATA[]]></system-err>
</testsuite>
